[2020-03-04T13:53:50+08:00][sql] CONNECT:[ UseTime:0.001002s ] mysql:host=127.0.0.1;port=3306;dbname=tpif;charset=utf8
[2020-03-04T13:53:50+08:00][sql] SHOW FULL COLUMNS FROM `tp_admin_menu` [ RunTime:0.018999s ]
[2020-03-04T13:53:50+08:00][sql] SELECT * FROM `tp_admin_menu` WHERE  `status` = 1  AND ( `parent_id` = 38 OR `id` = 38 ) ORDER BY `parent_id`,`list_order` [ RunTime:0.000998s ]
[2020-03-04T13:53:50+08:00][sql] SHOW FULL COLUMNS FROM `tp_admin_auth` [ RunTime:0.014002s ]
[2020-03-04T13:53:50+08:00][sql] SELECT `menu_id` FROM `tp_admin_auth` WHERE  `id` = 1 LIMIT 1 [ RunTime:0.000000s ]
[2020-03-04T13:53:50+08:00][sql] SHOW FULL COLUMNS FROM `tp_admin_role` [ RunTime:0.015000s ]
[2020-03-04T13:53:50+08:00][sql] SELECT * FROM `tp_admin_role` ORDER BY `id` ASC [ RunTime:0.001001s ]
[2020-03-04T14:05:21+08:00][sql] CONNECT:[ UseTime:0.010998s ] mysql:host=127.0.0.1;port=3306;dbname=tpif;charset=utf8
[2020-03-04T14:05:21+08:00][sql] SHOW FULL COLUMNS FROM `tp_admin_menu` [ RunTime:0.014000s ]
[2020-03-04T14:05:21+08:00][sql] SELECT * FROM `tp_admin_menu` WHERE  `status` = 1  AND ( `parent_id` = 38 OR `id` = 38 ) ORDER BY `parent_id`,`list_order` [ RunTime:0.003002s ]
[2020-03-04T14:05:21+08:00][sql] SHOW FULL COLUMNS FROM `tp_admin_auth` [ RunTime:0.014000s ]
[2020-03-04T14:05:21+08:00][sql] SELECT `menu_id` FROM `tp_admin_auth` WHERE  `id` = 1 LIMIT 1 [ RunTime:0.001000s ]
[2020-03-04T14:05:21+08:00][sql] SHOW FULL COLUMNS FROM `tp_admin_role` [ RunTime:0.013000s ]
[2020-03-04T14:05:21+08:00][sql] SELECT * FROM `tp_admin_role` ORDER BY `id` ASC [ RunTime:0.001001s ]
[2020-03-04T14:05:21+08:00][sql] CONNECT:[ UseTime:0.000999s ] mysql:host=127.0.0.1;port=3306;dbname=tpif;charset=utf8
[2020-03-04T14:05:21+08:00][sql] SHOW FULL COLUMNS FROM `tp_admin_menu` [ RunTime:0.014002s ]
[2020-03-04T14:05:21+08:00][sql] SELECT * FROM `tp_admin_menu` WHERE  `type` = 1  AND `status` = 1 ORDER BY `parent_id`,`list_order` [ RunTime:0.006001s ]
[2020-03-04T14:05:21+08:00][sql] SHOW FULL COLUMNS FROM `tp_admin_auth` [ RunTime:0.013000s ]
[2020-03-04T14:05:21+08:00][sql] SELECT `menu_id` FROM `tp_admin_auth` WHERE  `id` = 1 LIMIT 1 [ RunTime:0.001000s ]
[2020-03-04T14:05:30+08:00][sql] CONNECT:[ UseTime:0.002000s ] mysql:host=127.0.0.1;port=3306;dbname=tpif;charset=utf8
[2020-03-04T14:05:30+08:00][sql] SHOW FULL COLUMNS FROM `tp_admin_menu` [ RunTime:0.013998s ]
[2020-03-04T14:05:30+08:00][sql] SELECT * FROM `tp_admin_menu` WHERE  `status` = 1  AND ( `parent_id` = 38 OR `id` = 38 ) ORDER BY `parent_id`,`list_order` [ RunTime:0.000999s ]
[2020-03-04T14:05:30+08:00][sql] SHOW FULL COLUMNS FROM `tp_admin_auth` [ RunTime:0.015003s ]
[2020-03-04T14:05:30+08:00][sql] SELECT `menu_id` FROM `tp_admin_auth` WHERE  `id` = 1 LIMIT 1 [ RunTime:0.000000s ]
[2020-03-04T14:05:30+08:00][sql] SHOW FULL COLUMNS FROM `tp_admin_role` [ RunTime:0.014993s ]
[2020-03-04T14:05:30+08:00][sql] SELECT * FROM `tp_admin_role` ORDER BY `id` ASC [ RunTime:0.000998s ]
[2020-03-04T14:05:35+08:00][sql] CONNECT:[ UseTime:0.002003s ] mysql:host=127.0.0.1;port=3306;dbname=tpif;charset=utf8
[2020-03-04T14:05:35+08:00][sql] SHOW FULL COLUMNS FROM `tp_admin_menu` [ RunTime:0.015001s ]
[2020-03-04T14:05:35+08:00][sql] SELECT * FROM `tp_admin_menu` WHERE  `type` = 1  AND `status` = 1 ORDER BY `parent_id`,`list_order` [ RunTime:0.001992s ]
[2020-03-04T14:05:35+08:00][sql] SHOW FULL COLUMNS FROM `tp_admin_auth` [ RunTime:0.014000s ]
[2020-03-04T14:05:35+08:00][sql] SELECT `menu_id` FROM `tp_admin_auth` WHERE  `id` = 1 LIMIT 1 [ RunTime:0.001000s ]
[2020-03-04T14:07:22+08:00][sql] CONNECT:[ UseTime:0.001000s ] mysql:host=127.0.0.1;port=3306;dbname=tpif;charset=utf8
[2020-03-04T14:07:22+08:00][sql] SHOW FULL COLUMNS FROM `tp_admin_menu` [ RunTime:0.013001s ]
[2020-03-04T14:07:22+08:00][sql] SELECT * FROM `tp_admin_menu` WHERE  `type` = 1  AND `status` = 1 ORDER BY `parent_id`,`list_order` [ RunTime:0.001000s ]
[2020-03-04T14:07:22+08:00][sql] SHOW FULL COLUMNS FROM `tp_admin_auth` [ RunTime:0.012001s ]
[2020-03-04T14:07:22+08:00][sql] SELECT `menu_id` FROM `tp_admin_auth` WHERE  `id` = 1 LIMIT 1 [ RunTime:0.000000s ]
[2020-03-04T14:09:39+08:00][sql] CONNECT:[ UseTime:0.001001s ] mysql:host=127.0.0.1;port=3306;dbname=tpif;charset=utf8
[2020-03-04T14:09:39+08:00][sql] SHOW FULL COLUMNS FROM `tp_admin_menu` [ RunTime:0.013999s ]
[2020-03-04T14:09:39+08:00][sql] SELECT * FROM `tp_admin_menu` WHERE  `type` = 1  AND `status` = 1 ORDER BY `parent_id`,`list_order` [ RunTime:0.002004s ]
[2020-03-04T14:09:39+08:00][sql] SHOW FULL COLUMNS FROM `tp_admin_auth` [ RunTime:0.014000s ]
[2020-03-04T14:09:39+08:00][sql] SELECT `menu_id` FROM `tp_admin_auth` WHERE  `id` = 1 LIMIT 1 [ RunTime:0.000000s ]
[2020-03-04T14:09:39+08:00][error] [8192]Non-static method think\View::engine() should not be called statically[E:\gitdata\TpIf\app\admin\controller\Index.php:47]
[2020-03-04T14:10:40+08:00][sql] CONNECT:[ UseTime:0.002999s ] mysql:host=127.0.0.1;port=3306;dbname=tpif;charset=utf8
[2020-03-04T14:10:40+08:00][sql] SHOW FULL COLUMNS FROM `tp_admin_menu` [ RunTime:0.013999s ]
[2020-03-04T14:10:40+08:00][sql] SELECT * FROM `tp_admin_menu` WHERE  `type` = 1  AND `status` = 1 ORDER BY `parent_id`,`list_order` [ RunTime:0.001999s ]
[2020-03-04T14:10:40+08:00][sql] SHOW FULL COLUMNS FROM `tp_admin_auth` [ RunTime:0.012998s ]
[2020-03-04T14:10:40+08:00][sql] SELECT `menu_id` FROM `tp_admin_auth` WHERE  `id` = 1 LIMIT 1 [ RunTime:0.001000s ]
[2020-03-04T14:11:21+08:00][sql] CONNECT:[ UseTime:0.000999s ] mysql:host=127.0.0.1;port=3306;dbname=tpif;charset=utf8
[2020-03-04T14:11:21+08:00][sql] SHOW FULL COLUMNS FROM `tp_admin_menu` [ RunTime:0.014999s ]
[2020-03-04T14:11:21+08:00][sql] SELECT * FROM `tp_admin_menu` WHERE  `type` = 1  AND `status` = 1 ORDER BY `parent_id`,`list_order` [ RunTime:0.002001s ]
[2020-03-04T14:11:21+08:00][sql] SHOW FULL COLUMNS FROM `tp_admin_auth` [ RunTime:0.013998s ]
[2020-03-04T14:11:21+08:00][sql] SELECT `menu_id` FROM `tp_admin_auth` WHERE  `id` = 1 LIMIT 1 [ RunTime:0.001001s ]
[2020-03-04T14:12:11+08:00][sql] CONNECT:[ UseTime:0.002001s ] mysql:host=127.0.0.1;port=3306;dbname=tpif;charset=utf8
[2020-03-04T14:12:11+08:00][sql] SHOW FULL COLUMNS FROM `tp_admin_menu` [ RunTime:0.015000s ]
[2020-03-04T14:12:11+08:00][sql] SELECT * FROM `tp_admin_menu` WHERE  `type` = 1  AND `status` = 1 ORDER BY `parent_id`,`list_order` [ RunTime:0.002000s ]
[2020-03-04T14:12:11+08:00][sql] SHOW FULL COLUMNS FROM `tp_admin_auth` [ RunTime:0.014997s ]
[2020-03-04T14:12:11+08:00][sql] SELECT `menu_id` FROM `tp_admin_auth` WHERE  `id` = 1 LIMIT 1 [ RunTime:0.001001s ]
[2020-03-04T14:12:55+08:00][sql] CONNECT:[ UseTime:0.002001s ] mysql:host=127.0.0.1;port=3306;dbname=tpif;charset=utf8
[2020-03-04T14:12:55+08:00][sql] SHOW FULL COLUMNS FROM `tp_admin_menu` [ RunTime:0.013003s ]
[2020-03-04T14:12:55+08:00][sql] SELECT * FROM `tp_admin_menu` WHERE  `type` = 1  AND `status` = 1 ORDER BY `parent_id`,`list_order` [ RunTime:0.001000s ]
[2020-03-04T14:12:55+08:00][sql] SHOW FULL COLUMNS FROM `tp_admin_auth` [ RunTime:0.013001s ]
[2020-03-04T14:12:55+08:00][sql] SELECT `menu_id` FROM `tp_admin_auth` WHERE  `id` = 1 LIMIT 1 [ RunTime:0.000000s ]
[2020-03-04T14:13:06+08:00][sql] CONNECT:[ UseTime:0.001002s ] mysql:host=127.0.0.1;port=3306;dbname=tpif;charset=utf8
[2020-03-04T14:13:06+08:00][sql] SHOW FULL COLUMNS FROM `tp_admin_menu` [ RunTime:0.014004s ]
[2020-03-04T14:13:06+08:00][sql] SELECT * FROM `tp_admin_menu` WHERE  `type` = 1  AND `status` = 1 ORDER BY `parent_id`,`list_order` [ RunTime:0.000998s ]
[2020-03-04T14:13:06+08:00][sql] SHOW FULL COLUMNS FROM `tp_admin_auth` [ RunTime:0.012999s ]
[2020-03-04T14:13:06+08:00][sql] SELECT `menu_id` FROM `tp_admin_auth` WHERE  `id` = 1 LIMIT 1 [ RunTime:0.001000s ]
[2020-03-04T14:24:22+08:00][sql] CONNECT:[ UseTime:0.001997s ] mysql:host=127.0.0.1;port=3306;dbname=tpif;charset=utf8
[2020-03-04T14:24:22+08:00][sql] SHOW FULL COLUMNS FROM `tp_admin_menu` [ RunTime:0.014002s ]
[2020-03-04T14:24:22+08:00][sql] SELECT * FROM `tp_admin_menu` WHERE  `status` = 1  AND ( `parent_id` = 38 OR `id` = 38 ) ORDER BY `parent_id`,`list_order` [ RunTime:0.001000s ]
[2020-03-04T14:24:22+08:00][sql] SHOW FULL COLUMNS FROM `tp_admin_auth` [ RunTime:0.014995s ]
[2020-03-04T14:24:22+08:00][sql] SELECT `menu_id` FROM `tp_admin_auth` WHERE  `id` = 1 LIMIT 1 [ RunTime:0.000000s ]
[2020-03-04T14:24:22+08:00][sql] SHOW FULL COLUMNS FROM `tp_admin_role` [ RunTime:0.018998s ]
[2020-03-04T14:24:22+08:00][sql] SELECT * FROM `tp_admin_role` ORDER BY `id` ASC [ RunTime:0.000999s ]
[2020-03-04T14:25:02+08:00][sql] CONNECT:[ UseTime:0.010005s ] mysql:host=127.0.0.1;port=3306;dbname=tpif;charset=utf8
[2020-03-04T14:25:02+08:00][sql] SHOW FULL COLUMNS FROM `tp_admin_menu` [ RunTime:0.030000s ]
[2020-03-04T14:25:02+08:00][sql] SELECT * FROM `tp_admin_menu` WHERE  `status` = 1  AND ( `parent_id` = 38 OR `id` = 38 ) ORDER BY `parent_id`,`list_order` [ RunTime:0.001000s ]
[2020-03-04T14:25:02+08:00][sql] SHOW FULL COLUMNS FROM `tp_admin_auth` [ RunTime:0.013994s ]
[2020-03-04T14:25:02+08:00][sql] SELECT `menu_id` FROM `tp_admin_auth` WHERE  `id` = 1 LIMIT 1 [ RunTime:0.001000s ]
[2020-03-04T14:25:02+08:00][sql] SELECT * FROM `tp_admin_menu` WHERE  `type` = 1  AND `status` = 1 ORDER BY `parent_id`,`list_order` [ RunTime:0.001007s ]
[2020-03-04T14:25:02+08:00][sql] SELECT `menu_id` FROM `tp_admin_auth` WHERE  `id` = 1 LIMIT 1 [ RunTime:0.001000s ]
[2020-03-04T14:26:02+08:00][sql] CONNECT:[ UseTime:0.000998s ] mysql:host=127.0.0.1;port=3306;dbname=tpif;charset=utf8
[2020-03-04T14:26:02+08:00][sql] SHOW FULL COLUMNS FROM `tp_admin_menu` [ RunTime:0.014000s ]
[2020-03-04T14:26:02+08:00][sql] SELECT * FROM `tp_admin_menu` WHERE  `type` = 1  AND `status` = 1 ORDER BY `parent_id`,`list_order` [ RunTime:0.002999s ]
[2020-03-04T14:26:02+08:00][sql] SHOW FULL COLUMNS FROM `tp_admin_auth` [ RunTime:0.014000s ]
[2020-03-04T14:26:02+08:00][sql] SELECT `menu_id` FROM `tp_admin_auth` WHERE  `id` = 1 LIMIT 1 [ RunTime:0.000000s ]
[2020-03-04T14:26:44+08:00][sql] CONNECT:[ UseTime:0.000998s ] mysql:host=127.0.0.1;port=3306;dbname=tpif;charset=utf8
[2020-03-04T14:26:44+08:00][sql] SHOW FULL COLUMNS FROM `tp_admin_menu` [ RunTime:0.015002s ]
[2020-03-04T14:26:44+08:00][sql] SELECT * FROM `tp_admin_menu` WHERE  `status` = 1  AND ( `parent_id` = 38 OR `id` = 38 ) ORDER BY `parent_id`,`list_order` [ RunTime:0.000998s ]
[2020-03-04T14:26:44+08:00][sql] SHOW FULL COLUMNS FROM `tp_admin_auth` [ RunTime:0.015001s ]
[2020-03-04T14:26:44+08:00][sql] SELECT `menu_id` FROM `tp_admin_auth` WHERE  `id` = 1 LIMIT 1 [ RunTime:0.000997s ]
[2020-03-04T14:26:44+08:00][sql] SELECT * FROM `tp_admin_menu` WHERE  `type` = 1  AND `status` = 1 ORDER BY `parent_id`,`list_order` [ RunTime:0.001997s ]
[2020-03-04T14:26:44+08:00][sql] SELECT `menu_id` FROM `tp_admin_auth` WHERE  `id` = 1 LIMIT 1 [ RunTime:0.000993s ]
[2020-03-04T14:26:54+08:00][sql] CONNECT:[ UseTime:0.001993s ] mysql:host=127.0.0.1;port=3306;dbname=tpif;charset=utf8
[2020-03-04T14:26:54+08:00][sql] SHOW FULL COLUMNS FROM `tp_admin_menu` [ RunTime:0.015002s ]
[2020-03-04T14:26:54+08:00][sql] SELECT * FROM `tp_admin_menu` WHERE  `status` = 1  AND ( `parent_id` = 38 OR `id` = 38 ) ORDER BY `parent_id`,`list_order` [ RunTime:0.001005s ]
[2020-03-04T14:26:54+08:00][sql] SHOW FULL COLUMNS FROM `tp_admin_auth` [ RunTime:0.013996s ]
[2020-03-04T14:26:54+08:00][sql] SELECT `menu_id` FROM `tp_admin_auth` WHERE  `id` = 1 LIMIT 1 [ RunTime:0.000000s ]
[2020-03-04T14:26:54+08:00][sql] SELECT * FROM `tp_admin_menu` WHERE  `type` = 1  AND `status` = 1 ORDER BY `parent_id`,`list_order` [ RunTime:0.002001s ]
[2020-03-04T14:26:54+08:00][sql] SELECT `menu_id` FROM `tp_admin_auth` WHERE  `id` = 1 LIMIT 1 [ RunTime:0.001001s ]
[2020-03-04T14:27:07+08:00][sql] CONNECT:[ UseTime:0.000994s ] mysql:host=127.0.0.1;port=3306;dbname=tpif;charset=utf8
[2020-03-04T14:27:07+08:00][sql] SHOW FULL COLUMNS FROM `tp_admin_menu` [ RunTime:0.016000s ]
[2020-03-04T14:27:07+08:00][sql] SELECT * FROM `tp_admin_menu` WHERE  `status` = 1  AND ( `parent_id` = 38 OR `id` = 38 ) ORDER BY `parent_id`,`list_order` [ RunTime:0.000994s ]
[2020-03-04T14:27:07+08:00][sql] SHOW FULL COLUMNS FROM `tp_admin_auth` [ RunTime:0.014999s ]
[2020-03-04T14:27:07+08:00][sql] SELECT `menu_id` FROM `tp_admin_auth` WHERE  `id` = 1 LIMIT 1 [ RunTime:0.001000s ]
[2020-03-04T14:27:07+08:00][sql] SELECT * FROM `tp_admin_menu` WHERE  `type` = 1  AND `status` = 1 ORDER BY `parent_id`,`list_order` [ RunTime:0.001994s ]
[2020-03-04T14:27:07+08:00][sql] SELECT `menu_id` FROM `tp_admin_auth` WHERE  `id` = 1 LIMIT 1 [ RunTime:0.000993s ]
[2020-03-04T14:27:15+08:00][sql] CONNECT:[ UseTime:0.002000s ] mysql:host=127.0.0.1;port=3306;dbname=tpif;charset=utf8
[2020-03-04T14:27:15+08:00][sql] SHOW FULL COLUMNS FROM `tp_admin_menu` [ RunTime:0.015000s ]
[2020-03-04T14:27:15+08:00][sql] SELECT * FROM `tp_admin_menu` WHERE  `status` = 1  AND ( `parent_id` = 38 OR `id` = 38 ) ORDER BY `parent_id`,`list_order` [ RunTime:0.001000s ]
[2020-03-04T14:27:15+08:00][sql] SHOW FULL COLUMNS FROM `tp_admin_auth` [ RunTime:0.014003s ]
[2020-03-04T14:27:15+08:00][sql] SELECT `menu_id` FROM `tp_admin_auth` WHERE  `id` = 1 LIMIT 1 [ RunTime:0.000000s ]
[2020-03-04T14:27:15+08:00][sql] SELECT * FROM `tp_admin_menu` WHERE  `type` = 1  AND `status` = 1 ORDER BY `parent_id`,`list_order` [ RunTime:0.001999s ]
[2020-03-04T14:27:15+08:00][sql] SELECT `menu_id` FROM `tp_admin_auth` WHERE  `id` = 1 LIMIT 1 [ RunTime:0.001000s ]
[2020-03-04T14:27:24+08:00][sql] CONNECT:[ UseTime:0.001000s ] mysql:host=127.0.0.1;port=3306;dbname=tpif;charset=utf8
[2020-03-04T14:27:24+08:00][sql] SHOW FULL COLUMNS FROM `tp_admin_menu` [ RunTime:0.062001s ]
[2020-03-04T14:27:24+08:00][sql] SELECT * FROM `tp_admin_menu` WHERE  `status` = 1  AND ( `parent_id` = 38 OR `id` = 38 ) ORDER BY `parent_id`,`list_order` [ RunTime:0.001002s ]
[2020-03-04T14:27:24+08:00][sql] SHOW FULL COLUMNS FROM `tp_admin_auth` [ RunTime:0.079127s ]
[2020-03-04T14:27:24+08:00][sql] SELECT `menu_id` FROM `tp_admin_auth` WHERE  `id` = 1 LIMIT 1 [ RunTime:0.000999s ]
[2020-03-04T14:27:24+08:00][sql] SELECT * FROM `tp_admin_menu` WHERE  `type` = 1  AND `status` = 1 ORDER BY `parent_id`,`list_order` [ RunTime:0.001001s ]
[2020-03-04T14:27:24+08:00][sql] SELECT `menu_id` FROM `tp_admin_auth` WHERE  `id` = 1 LIMIT 1 [ RunTime:0.001006s ]
[2020-03-04T14:28:08+08:00][sql] CONNECT:[ UseTime:0.002996s ] mysql:host=127.0.0.1;port=3306;dbname=tpif;charset=utf8
[2020-03-04T14:28:08+08:00][sql] SHOW FULL COLUMNS FROM `tp_admin_menu` [ RunTime:0.016999s ]
[2020-03-04T14:28:08+08:00][sql] SELECT * FROM `tp_admin_menu` WHERE  `type` = 1  AND `status` = 1 ORDER BY `parent_id`,`list_order` [ RunTime:0.001999s ]
[2020-03-04T14:28:08+08:00][sql] SHOW FULL COLUMNS FROM `tp_admin_auth` [ RunTime:0.016000s ]
[2020-03-04T14:28:08+08:00][sql] SELECT `menu_id` FROM `tp_admin_auth` WHERE  `id` = 1 LIMIT 1 [ RunTime:0.000998s ]
[2020-03-04T14:28:19+08:00][sql] CONNECT:[ UseTime:0.000999s ] mysql:host=127.0.0.1;port=3306;dbname=tpif;charset=utf8
[2020-03-04T14:28:19+08:00][sql] SHOW FULL COLUMNS FROM `tp_admin_menu` [ RunTime:0.015000s ]
[2020-03-04T14:28:19+08:00][sql] SELECT * FROM `tp_admin_menu` WHERE  `type` = 1  AND `status` = 1 ORDER BY `parent_id`,`list_order` [ RunTime:0.002001s ]
[2020-03-04T14:28:19+08:00][sql] SHOW FULL COLUMNS FROM `tp_admin_auth` [ RunTime:0.015000s ]
[2020-03-04T14:28:19+08:00][sql] SELECT `menu_id` FROM `tp_admin_auth` WHERE  `id` = 1 LIMIT 1 [ RunTime:0.000000s ]
[2020-03-04T14:29:31+08:00][sql] CONNECT:[ UseTime:0.011001s ] mysql:host=127.0.0.1;port=3306;dbname=tpif;charset=utf8
[2020-03-04T14:29:31+08:00][sql] SHOW FULL COLUMNS FROM `tp_admin_menu` [ RunTime:0.016001s ]
[2020-03-04T14:29:31+08:00][sql] SELECT * FROM `tp_admin_menu` WHERE  `type` = 1  AND `status` = 1 ORDER BY `parent_id`,`list_order` [ RunTime:0.002001s ]
[2020-03-04T14:29:31+08:00][sql] SHOW FULL COLUMNS FROM `tp_admin_auth` [ RunTime:0.014000s ]
[2020-03-04T14:29:31+08:00][sql] SELECT `menu_id` FROM `tp_admin_auth` WHERE  `id` = 1 LIMIT 1 [ RunTime:0.000000s ]
[2020-03-04T14:30:15+08:00][sql] CONNECT:[ UseTime:0.001998s ] mysql:host=127.0.0.1;port=3306;dbname=tpif;charset=utf8
[2020-03-04T14:30:15+08:00][sql] SHOW FULL COLUMNS FROM `tp_admin_menu` [ RunTime:0.015998s ]
[2020-03-04T14:30:15+08:00][sql] SELECT * FROM `tp_admin_menu` WHERE  `status` = 1  AND ( `parent_id` = 38 OR `id` = 38 ) ORDER BY `parent_id`,`list_order` [ RunTime:0.000994s ]
[2020-03-04T14:30:15+08:00][sql] SHOW FULL COLUMNS FROM `tp_admin_auth` [ RunTime:0.014994s ]
[2020-03-04T14:30:15+08:00][sql] SELECT `menu_id` FROM `tp_admin_auth` WHERE  `id` = 1 LIMIT 1 [ RunTime:0.001000s ]
[2020-03-04T14:30:15+08:00][sql] SELECT * FROM `tp_admin_menu` WHERE  `type` = 1  AND `status` = 1 ORDER BY `parent_id`,`list_order` [ RunTime:0.001994s ]
[2020-03-04T14:30:15+08:00][sql] SELECT `menu_id` FROM `tp_admin_auth` WHERE  `id` = 1 LIMIT 1 [ RunTime:0.000993s ]
[2020-03-04T14:30:36+08:00][sql] CONNECT:[ UseTime:0.011016s ] mysql:host=127.0.0.1;port=3306;dbname=tpif;charset=utf8
[2020-03-04T14:30:36+08:00][sql] SHOW FULL COLUMNS FROM `tp_admin_menu` [ RunTime:0.016005s ]
[2020-03-04T14:30:36+08:00][sql] SELECT * FROM `tp_admin_menu` WHERE  `type` = 1  AND `status` = 1 ORDER BY `parent_id`,`list_order` [ RunTime:0.003005s ]
[2020-03-04T14:30:36+08:00][sql] SHOW FULL COLUMNS FROM `tp_admin_auth` [ RunTime:0.015002s ]
[2020-03-04T14:30:36+08:00][sql] SELECT `menu_id` FROM `tp_admin_auth` WHERE  `id` = 1 LIMIT 1 [ RunTime:0.001006s ]
[2020-03-04T14:31:02+08:00][sql] CONNECT:[ UseTime:0.002000s ] mysql:host=127.0.0.1;port=3306;dbname=tpif;charset=utf8
[2020-03-04T14:31:02+08:00][sql] SHOW FULL COLUMNS FROM `tp_admin_menu` [ RunTime:0.014999s ]
[2020-03-04T14:31:02+08:00][sql] SELECT * FROM `tp_admin_menu` WHERE  `type` = 1  AND `status` = 1 ORDER BY `parent_id`,`list_order` [ RunTime:0.002002s ]
[2020-03-04T14:31:02+08:00][sql] SHOW FULL COLUMNS FROM `tp_admin_auth` [ RunTime:0.013999s ]
[2020-03-04T14:31:02+08:00][sql] SELECT `menu_id` FROM `tp_admin_auth` WHERE  `id` = 1 LIMIT 1 [ RunTime:0.000999s ]
[2020-03-04T14:31:07+08:00][sql] CONNECT:[ UseTime:0.001994s ] mysql:host=127.0.0.1;port=3306;dbname=tpif;charset=utf8
[2020-03-04T14:31:07+08:00][sql] SHOW FULL COLUMNS FROM `tp_admin_menu` [ RunTime:0.020006s ]
[2020-03-04T14:31:07+08:00][sql] SELECT * FROM `tp_admin_menu` WHERE  `type` = 1  AND `status` = 1 ORDER BY `parent_id`,`list_order` [ RunTime:0.002003s ]
[2020-03-04T14:31:07+08:00][sql] SHOW FULL COLUMNS FROM `tp_admin_auth` [ RunTime:0.016002s ]
[2020-03-04T14:31:07+08:00][sql] SELECT `menu_id` FROM `tp_admin_auth` WHERE  `id` = 1 LIMIT 1 [ RunTime:0.001010s ]
[2020-03-04T14:31:14+08:00][sql] CONNECT:[ UseTime:0.002000s ] mysql:host=127.0.0.1;port=3306;dbname=tpif;charset=utf8
[2020-03-04T14:31:14+08:00][sql] SHOW FULL COLUMNS FROM `tp_admin_menu` [ RunTime:0.017008s ]
[2020-03-04T14:31:14+08:00][sql] SELECT * FROM `tp_admin_menu` WHERE  `type` = 1  AND `status` = 1 ORDER BY `parent_id`,`list_order` [ RunTime:0.001997s ]
[2020-03-04T14:31:14+08:00][sql] SHOW FULL COLUMNS FROM `tp_admin_auth` [ RunTime:0.016998s ]
[2020-03-04T14:31:14+08:00][sql] SELECT `menu_id` FROM `tp_admin_auth` WHERE  `id` = 1 LIMIT 1 [ RunTime:0.000000s ]
[2020-03-04T14:32:37+08:00][sql] CONNECT:[ UseTime:0.011006s ] mysql:host=127.0.0.1;port=3306;dbname=tpif;charset=utf8
[2020-03-04T14:32:37+08:00][sql] SHOW FULL COLUMNS FROM `tp_admin_menu` [ RunTime:0.027001s ]
[2020-03-04T14:32:37+08:00][sql] SELECT * FROM `tp_admin_menu` WHERE  `type` = 1  AND `status` = 1 ORDER BY `parent_id`,`list_order` [ RunTime:0.001995s ]
[2020-03-04T14:32:37+08:00][sql] SHOW FULL COLUMNS FROM `tp_admin_auth` [ RunTime:0.015999s ]
[2020-03-04T14:32:37+08:00][sql] SELECT `menu_id` FROM `tp_admin_auth` WHERE  `id` = 1 LIMIT 1 [ RunTime:0.000000s ]
[2020-03-04T14:33:53+08:00][sql] CONNECT:[ UseTime:0.011000s ] mysql:host=127.0.0.1;port=3306;dbname=tpif;charset=utf8
[2020-03-04T14:33:53+08:00][sql] SHOW FULL COLUMNS FROM `tp_admin_menu` [ RunTime:0.015001s ]
[2020-03-04T14:33:53+08:00][sql] SELECT * FROM `tp_admin_menu` WHERE  `type` = 1  AND `status` = 1 ORDER BY `parent_id`,`list_order` [ RunTime:0.002002s ]
[2020-03-04T14:33:53+08:00][sql] SHOW FULL COLUMNS FROM `tp_admin_auth` [ RunTime:0.014000s ]
[2020-03-04T14:33:53+08:00][sql] SELECT `menu_id` FROM `tp_admin_auth` WHERE  `id` = 1 LIMIT 1 [ RunTime:0.000999s ]
[2020-03-04T14:33:53+08:00][error] [0]Too few arguments to function display(), 0 passed in E:\gitdata\TpIf\app\admin\controller\Index.php on line 47 and at least 1 expected[E:\gitdata\TpIf\vendor\topthink\framework\src\helper.php:566]
[2020-03-04T14:34:42+08:00][sql] CONNECT:[ UseTime:0.002009s ] mysql:host=127.0.0.1;port=3306;dbname=tpif;charset=utf8
[2020-03-04T14:34:42+08:00][sql] SHOW FULL COLUMNS FROM `tp_admin_menu` [ RunTime:0.023998s ]
[2020-03-04T14:34:42+08:00][sql] SELECT * FROM `tp_admin_menu` WHERE  `type` = 1  AND `status` = 1 ORDER BY `parent_id`,`list_order` [ RunTime:0.001999s ]
[2020-03-04T14:34:42+08:00][sql] SHOW FULL COLUMNS FROM `tp_admin_auth` [ RunTime:0.013995s ]
[2020-03-04T14:34:42+08:00][sql] SELECT `menu_id` FROM `tp_admin_auth` WHERE  `id` = 1 LIMIT 1 [ RunTime:0.001007s ]
[2020-03-04T14:38:23+08:00][sql] CONNECT:[ UseTime:0.002000s ] mysql:host=127.0.0.1;port=3306;dbname=tpif;charset=utf8
[2020-03-04T14:38:23+08:00][sql] SHOW FULL COLUMNS FROM `tp_admin_menu` [ RunTime:0.023000s ]
[2020-03-04T14:38:23+08:00][sql] SELECT * FROM `tp_admin_menu` WHERE  `type` = 1  AND `status` = 1 ORDER BY `parent_id`,`list_order` [ RunTime:0.002000s ]
[2020-03-04T14:38:23+08:00][sql] SHOW FULL COLUMNS FROM `tp_admin_auth` [ RunTime:0.014000s ]
[2020-03-04T14:38:23+08:00][sql] SELECT `menu_id` FROM `tp_admin_auth` WHERE  `id` = 1 LIMIT 1 [ RunTime:0.000000s ]
[2020-03-04T14:59:33+08:00][sql] CONNECT:[ UseTime:0.002000s ] mysql:host=127.0.0.1;port=3306;dbname=tpif;charset=utf8
[2020-03-04T14:59:33+08:00][sql] SHOW FULL COLUMNS FROM `tp_admin` [ RunTime:0.025000s ]
[2020-03-04T14:59:33+08:00][sql] SELECT * FROM `tp_admin` WHERE  `uname` = 'admin'  AND `password` = '6fe4943af2ef7a4bf1b70d0d3099ce71' LIMIT 1 [ RunTime:0.003000s ]
[2020-03-04T14:59:54+08:00][sql] CONNECT:[ UseTime:0.002000s ] mysql:host=127.0.0.1;port=3306;dbname=tpif;charset=utf8
[2020-03-04T14:59:54+08:00][sql] SHOW FULL COLUMNS FROM `tp_admin` [ RunTime:0.016002s ]
[2020-03-04T14:59:54+08:00][sql] SELECT * FROM `tp_admin` WHERE  `uname` = 'admin'  AND `password` = 'c979e1097cea57461844b679329dbd26' LIMIT 1 [ RunTime:0.000000s ]
[2020-03-04T15:00:17+08:00][sql] CONNECT:[ UseTime:0.001998s ] mysql:host=127.0.0.1;port=3306;dbname=tpif;charset=utf8
[2020-03-04T15:00:17+08:00][sql] SHOW FULL COLUMNS FROM `tp_admin` [ RunTime:0.016000s ]
[2020-03-04T15:00:17+08:00][sql] SELECT * FROM `tp_admin` WHERE  `uname` = 'admin'  AND `password` = '9c452a30c499813566a578b8a0f3b51d' LIMIT 1 [ RunTime:0.001000s ]
[2020-03-04T15:00:23+08:00][sql] CONNECT:[ UseTime:0.000998s ] mysql:host=127.0.0.1;port=3306;dbname=tpif;charset=utf8
[2020-03-04T15:00:23+08:00][sql] SHOW FULL COLUMNS FROM `tp_admin_menu` [ RunTime:0.017999s ]
[2020-03-04T15:00:23+08:00][sql] SELECT * FROM `tp_admin_menu` WHERE  `type` = 1  AND `status` = 1 ORDER BY `parent_id`,`list_order` [ RunTime:0.002000s ]
[2020-03-04T15:00:23+08:00][sql] SHOW FULL COLUMNS FROM `tp_admin_auth` [ RunTime:0.017998s ]
[2020-03-04T15:00:23+08:00][sql] SELECT `menu_id` FROM `tp_admin_auth` WHERE  `id` = 1 LIMIT 1 [ RunTime:0.001006s ]
[2020-03-04T15:00:27+08:00][sql] CONNECT:[ UseTime:0.002000s ] mysql:host=127.0.0.1;port=3306;dbname=tpif;charset=utf8
[2020-03-04T15:00:27+08:00][sql] SHOW FULL COLUMNS FROM `tp_admin_menu` [ RunTime:0.015001s ]
[2020-03-04T15:00:27+08:00][sql] SELECT VERSION() AS ver [ RunTime:0.001002s ]
[2020-03-04T15:01:21+08:00][sql] CONNECT:[ UseTime:0.001998s ] mysql:host=127.0.0.1;port=3306;dbname=tpif;charset=utf8
[2020-03-04T15:01:21+08:00][sql] SHOW FULL COLUMNS FROM `tp_admin_menu` [ RunTime:0.014998s ]
[2020-03-04T15:01:21+08:00][sql] SELECT * FROM `tp_admin_menu` WHERE  `type` = 1  AND `status` = 1 ORDER BY `parent_id`,`list_order` [ RunTime:0.001999s ]
[2020-03-04T15:01:21+08:00][sql] SHOW FULL COLUMNS FROM `tp_admin_auth` [ RunTime:0.015001s ]
[2020-03-04T15:01:21+08:00][sql] SELECT `menu_id` FROM `tp_admin_auth` WHERE  `id` = 1 LIMIT 1 [ RunTime:0.000000s ]
[2020-03-04T15:01:24+08:00][sql] CONNECT:[ UseTime:0.002002s ] mysql:host=127.0.0.1;port=3306;dbname=tpif;charset=utf8
[2020-03-04T15:01:24+08:00][sql] SHOW FULL COLUMNS FROM `tp_admin_menu` [ RunTime:0.013000s ]
[2020-03-04T15:01:24+08:00][sql] SELECT VERSION() AS ver [ RunTime:0.000998s ]
[2020-03-04T15:01:31+08:00][sql] CONNECT:[ UseTime:0.000999s ] mysql:host=127.0.0.1;port=3306;dbname=tpif;charset=utf8
[2020-03-04T15:01:31+08:00][sql] SHOW FULL COLUMNS FROM `tp_admin_menu` [ RunTime:0.018008s ]
[2020-03-04T15:01:31+08:00][sql] SELECT * FROM `tp_admin_menu` WHERE  `status` = 1  AND ( `parent_id` = 38 OR `id` = 38 ) ORDER BY `parent_id`,`list_order` [ RunTime:0.001000s ]
[2020-03-04T15:01:31+08:00][sql] SHOW FULL COLUMNS FROM `tp_admin_auth` [ RunTime:0.015999s ]
[2020-03-04T15:01:31+08:00][sql] SELECT `menu_id` FROM `tp_admin_auth` WHERE  `id` = 1 LIMIT 1 [ RunTime:0.001001s ]
[2020-03-04T15:01:31+08:00][sql] SHOW FULL COLUMNS FROM `tp_admin_role` [ RunTime:0.016001s ]
[2020-03-04T15:01:31+08:00][sql] SELECT * FROM `tp_admin_role` ORDER BY `id` ASC [ RunTime:0.000000s ]
[2020-03-04T15:02:11+08:00][sql] CONNECT:[ UseTime:0.003998s ] mysql:host=127.0.0.1;port=3306;dbname=tpif;charset=utf8
[2020-03-04T15:02:11+08:00][sql] SHOW FULL COLUMNS FROM `tp_admin_menu` [ RunTime:0.013999s ]
[2020-03-04T15:02:11+08:00][sql] SELECT * FROM `tp_admin_menu` WHERE  `type` = 1  AND `status` = 1 ORDER BY `parent_id`,`list_order` [ RunTime:0.002000s ]
[2020-03-04T15:02:11+08:00][sql] SHOW FULL COLUMNS FROM `tp_admin_auth` [ RunTime:0.014000s ]
[2020-03-04T15:02:11+08:00][sql] SELECT `menu_id` FROM `tp_admin_auth` WHERE  `id` = 1 LIMIT 1 [ RunTime:0.001000s ]
[2020-03-04T15:02:14+08:00][sql] CONNECT:[ UseTime:0.002000s ] mysql:host=127.0.0.1;port=3306;dbname=tpif;charset=utf8
[2020-03-04T15:02:14+08:00][sql] SHOW FULL COLUMNS FROM `tp_admin_menu` [ RunTime:0.013003s ]
[2020-03-04T15:02:14+08:00][sql] SELECT VERSION() AS ver [ RunTime:0.000000s ]
[2020-03-04T15:05:50+08:00][sql] CONNECT:[ UseTime:0.001999s ] mysql:host=127.0.0.1;port=3306;dbname=tpif;charset=utf8
[2020-03-04T15:05:50+08:00][sql] SHOW FULL COLUMNS FROM `tp_admin_menu` [ RunTime:0.016001s ]
[2020-03-04T15:05:50+08:00][sql] SELECT * FROM `tp_admin_menu` WHERE  `type` = 1  AND `status` = 1 ORDER BY `parent_id`,`list_order` [ RunTime:0.001999s ]
[2020-03-04T15:05:50+08:00][sql] SHOW FULL COLUMNS FROM `tp_admin_auth` [ RunTime:0.015000s ]
[2020-03-04T15:05:50+08:00][sql] SELECT `menu_id` FROM `tp_admin_auth` WHERE  `id` = 1 LIMIT 1 [ RunTime:0.001001s ]
[2020-03-04T15:05:51+08:00][sql] CONNECT:[ UseTime:0.001999s ] mysql:host=127.0.0.1;port=3306;dbname=tpif;charset=utf8
[2020-03-04T15:05:51+08:00][sql] SHOW FULL COLUMNS FROM `tp_admin_menu` [ RunTime:0.020000s ]
[2020-03-04T15:05:51+08:00][sql] SELECT * FROM `tp_admin_menu` WHERE  `type` = 1  AND `status` = 1 ORDER BY `parent_id`,`list_order` [ RunTime:0.001998s ]
[2020-03-04T15:05:51+08:00][sql] SHOW FULL COLUMNS FROM `tp_admin_auth` [ RunTime:0.015002s ]
[2020-03-04T15:05:51+08:00][sql] SELECT `menu_id` FROM `tp_admin_auth` WHERE  `id` = 1 LIMIT 1 [ RunTime:0.000000s ]
[2020-03-04T15:05:54+08:00][sql] CONNECT:[ UseTime:0.000999s ] mysql:host=127.0.0.1;port=3306;dbname=tpif;charset=utf8
[2020-03-04T15:05:54+08:00][sql] SHOW FULL COLUMNS FROM `tp_admin_menu` [ RunTime:0.017001s ]
[2020-03-04T15:05:54+08:00][sql] SELECT VERSION() AS ver [ RunTime:0.001001s ]
[2020-03-04T15:06:12+08:00][sql] CONNECT:[ UseTime:0.001000s ] mysql:host=127.0.0.1;port=3306;dbname=tpif;charset=utf8
[2020-03-04T15:06:12+08:00][sql] SHOW FULL COLUMNS FROM `tp_admin_menu` [ RunTime:0.023008s ]
[2020-03-04T15:06:12+08:00][sql] SELECT * FROM `tp_admin_menu` WHERE  `status` = 1  AND ( `parent_id` = 38 OR `id` = 38 ) ORDER BY `parent_id`,`list_order` [ RunTime:0.000996s ]
[2020-03-04T15:06:12+08:00][sql] SHOW FULL COLUMNS FROM `tp_admin_auth` [ RunTime:0.012994s ]
[2020-03-04T15:06:12+08:00][sql] SELECT `menu_id` FROM `tp_admin_auth` WHERE  `id` = 1 LIMIT 1 [ RunTime:0.001000s ]
[2020-03-04T15:06:12+08:00][sql] SHOW FULL COLUMNS FROM `tp_admin_role` [ RunTime:0.015999s ]
[2020-03-04T15:06:12+08:00][sql] SELECT * FROM `tp_admin_role` ORDER BY `id` ASC [ RunTime:0.001000s ]
[2020-03-04T15:06:31+08:00][sql] CONNECT:[ UseTime:0.001000s ] mysql:host=127.0.0.1;port=3306;dbname=tpif;charset=utf8
[2020-03-04T15:06:31+08:00][sql] SHOW FULL COLUMNS FROM `tp_admin_menu` [ RunTime:0.025999s ]
[2020-03-04T15:06:31+08:00][sql] SELECT * FROM `tp_admin_menu` WHERE  `status` = 1  AND ( `parent_id` = 38 OR `id` = 38 ) ORDER BY `parent_id`,`list_order` [ RunTime:0.000997s ]
[2020-03-04T15:06:31+08:00][sql] SHOW FULL COLUMNS FROM `tp_admin_auth` [ RunTime:0.016001s ]
[2020-03-04T15:06:31+08:00][sql] SELECT `menu_id` FROM `tp_admin_auth` WHERE  `id` = 1 LIMIT 1 [ RunTime:0.000999s ]
[2020-03-04T15:06:31+08:00][sql] SHOW FULL COLUMNS FROM `tp_admin_role` [ RunTime:0.015000s ]
[2020-03-04T15:06:31+08:00][sql] SELECT * FROM `tp_admin_role` ORDER BY `id` ASC [ RunTime:0.000999s ]
[2020-03-04T15:06:37+08:00][sql] CONNECT:[ UseTime:0.010002s ] mysql:host=127.0.0.1;port=3306;dbname=tpif;charset=utf8
[2020-03-04T15:06:37+08:00][sql] SHOW FULL COLUMNS FROM `tp_admin_menu` [ RunTime:0.014998s ]
[2020-03-04T15:06:37+08:00][sql] SELECT * FROM `tp_admin_menu` WHERE  `status` = 1  AND ( `parent_id` = 38 OR `id` = 38 ) ORDER BY `parent_id`,`list_order` [ RunTime:0.000999s ]
[2020-03-04T15:06:37+08:00][sql] SHOW FULL COLUMNS FROM `tp_admin_auth` [ RunTime:0.014999s ]
[2020-03-04T15:06:37+08:00][sql] SELECT `menu_id` FROM `tp_admin_auth` WHERE  `id` = 1 LIMIT 1 [ RunTime:0.000000s ]
[2020-03-04T15:06:37+08:00][sql] SHOW FULL COLUMNS FROM `tp_admin_role` [ RunTime:0.013995s ]
[2020-03-04T15:06:37+08:00][sql] SELECT * FROM `tp_admin_role` ORDER BY `id` ASC [ RunTime:0.001000s ]
[2020-03-04T15:06:53+08:00][sql] CONNECT:[ UseTime:0.001000s ] mysql:host=127.0.0.1;port=3306;dbname=tpif;charset=utf8
[2020-03-04T15:06:53+08:00][sql] SHOW FULL COLUMNS FROM `tp_admin_menu` [ RunTime:0.013993s ]
[2020-03-04T15:06:53+08:00][sql] SELECT * FROM `tp_admin_menu` WHERE  `status` = 1  AND ( `parent_id` = 38 OR `id` = 38 ) ORDER BY `parent_id`,`list_order` [ RunTime:0.001002s ]
[2020-03-04T15:06:53+08:00][sql] SHOW FULL COLUMNS FROM `tp_admin_auth` [ RunTime:0.014998s ]
[2020-03-04T15:06:53+08:00][sql] SELECT `menu_id` FROM `tp_admin_auth` WHERE  `id` = 1 LIMIT 1 [ RunTime:0.001007s ]
[2020-03-04T15:06:53+08:00][sql] SHOW FULL COLUMNS FROM `tp_admin_role` [ RunTime:0.029992s ]
[2020-03-04T15:06:53+08:00][sql] SELECT * FROM `tp_admin_role` ORDER BY `id` ASC [ RunTime:0.000998s ]
[2020-03-04T15:10:57+08:00][sql] CONNECT:[ UseTime:0.002001s ] mysql:host=127.0.0.1;port=3306;dbname=tpif;charset=utf8
[2020-03-04T15:10:57+08:00][sql] SHOW FULL COLUMNS FROM `tp_admin_menu` [ RunTime:0.014995s ]
[2020-03-04T15:10:57+08:00][sql] SELECT * FROM `tp_admin_menu` WHERE  `type` = 1  AND `status` = 1 ORDER BY `parent_id`,`list_order` [ RunTime:0.001998s ]
[2020-03-04T15:10:57+08:00][sql] SHOW FULL COLUMNS FROM `tp_admin_auth` [ RunTime:0.013996s ]
[2020-03-04T15:10:57+08:00][sql] SELECT `menu_id` FROM `tp_admin_auth` WHERE  `id` = 1 LIMIT 1 [ RunTime:0.000997s ]
[2020-03-04T15:10:59+08:00][sql] CONNECT:[ UseTime:0.000999s ] mysql:host=127.0.0.1;port=3306;dbname=tpif;charset=utf8
[2020-03-04T15:10:59+08:00][sql] SHOW FULL COLUMNS FROM `tp_admin_menu` [ RunTime:0.012997s ]
[2020-03-04T15:10:59+08:00][sql] SELECT VERSION() AS ver [ RunTime:0.000000s ]
[2020-03-04T15:11:48+08:00][sql] CONNECT:[ UseTime:0.001000s ] mysql:host=127.0.0.1;port=3306;dbname=tpif;charset=utf8
[2020-03-04T15:11:48+08:00][sql] SHOW FULL COLUMNS FROM `tp_admin_menu` [ RunTime:0.021000s ]
[2020-03-04T15:11:48+08:00][sql] SELECT VERSION() AS ver [ RunTime:0.000997s ]
[2020-03-04T15:11:57+08:00][sql] CONNECT:[ UseTime:0.000998s ] mysql:host=127.0.0.1;port=3306;dbname=tpif;charset=utf8
[2020-03-04T15:11:57+08:00][sql] SHOW FULL COLUMNS FROM `tp_admin_menu` [ RunTime:0.018999s ]
[2020-03-04T15:11:57+08:00][sql] SELECT * FROM `tp_admin_menu` WHERE  `type` = 1  AND `status` = 1 ORDER BY `parent_id`,`list_order` [ RunTime:0.002000s ]
[2020-03-04T15:11:57+08:00][sql] SHOW FULL COLUMNS FROM `tp_admin_auth` [ RunTime:0.014001s ]
[2020-03-04T15:11:57+08:00][sql] SELECT `menu_id` FROM `tp_admin_auth` WHERE  `id` = 1 LIMIT 1 [ RunTime:0.001001s ]
[2020-03-04T15:12:00+08:00][sql] CONNECT:[ UseTime:0.001002s ] mysql:host=127.0.0.1;port=3306;dbname=tpif;charset=utf8
[2020-03-04T15:12:00+08:00][sql] SHOW FULL COLUMNS FROM `tp_admin_menu` [ RunTime:0.013001s ]
[2020-03-04T15:12:00+08:00][sql] SELECT VERSION() AS ver [ RunTime:0.001000s ]
[2020-03-04T15:13:51+08:00][sql] CONNECT:[ UseTime:0.001999s ] mysql:host=127.0.0.1;port=3306;dbname=tpif;charset=utf8
[2020-03-04T15:13:51+08:00][sql] SHOW FULL COLUMNS FROM `tp_admin_menu` [ RunTime:0.014000s ]
[2020-03-04T15:13:51+08:00][sql] SELECT VERSION() AS ver [ RunTime:0.000999s ]
[2020-03-04T15:13:55+08:00][sql] CONNECT:[ UseTime:0.001000s ] mysql:host=127.0.0.1;port=3306;dbname=tpif;charset=utf8
[2020-03-04T15:13:55+08:00][sql] SHOW FULL COLUMNS FROM `tp_admin_menu` [ RunTime:0.012997s ]
[2020-03-04T15:13:55+08:00][sql] SELECT * FROM `tp_admin_menu` WHERE  `type` = 1  AND `status` = 1 ORDER BY `parent_id`,`list_order` [ RunTime:0.001999s ]
[2020-03-04T15:13:55+08:00][sql] SHOW FULL COLUMNS FROM `tp_admin_auth` [ RunTime:0.014000s ]
[2020-03-04T15:13:55+08:00][sql] SELECT `menu_id` FROM `tp_admin_auth` WHERE  `id` = 1 LIMIT 1 [ RunTime:0.000999s ]
[2020-03-04T15:13:58+08:00][sql] CONNECT:[ UseTime:0.001002s ] mysql:host=127.0.0.1;port=3306;dbname=tpif;charset=utf8
[2020-03-04T15:13:58+08:00][sql] SHOW FULL COLUMNS FROM `tp_admin_menu` [ RunTime:0.013998s ]
[2020-03-04T15:13:58+08:00][sql] SELECT VERSION() AS ver [ RunTime:0.000000s ]
[2020-03-04T15:14:07+08:00][sql] CONNECT:[ UseTime:0.001000s ] mysql:host=127.0.0.1;port=3306;dbname=tpif;charset=utf8
[2020-03-04T15:14:07+08:00][sql] SHOW FULL COLUMNS FROM `tp_admin_menu` [ RunTime:0.014002s ]
[2020-03-04T15:14:07+08:00][sql] SELECT * FROM `tp_admin_menu` WHERE  `status` = 1  AND ( `parent_id` = 38 OR `id` = 38 ) ORDER BY `parent_id`,`list_order` [ RunTime:0.000999s ]
[2020-03-04T15:14:07+08:00][sql] SHOW FULL COLUMNS FROM `tp_admin_auth` [ RunTime:0.012999s ]
[2020-03-04T15:14:07+08:00][sql] SELECT `menu_id` FROM `tp_admin_auth` WHERE  `id` = 1 LIMIT 1 [ RunTime:0.000000s ]
[2020-03-04T15:14:07+08:00][sql] SHOW FULL COLUMNS FROM `tp_admin_role` [ RunTime:0.012999s ]
[2020-03-04T15:14:07+08:00][sql] SELECT * FROM `tp_admin_role` ORDER BY `id` ASC [ RunTime:0.001001s ]
[2020-03-04T15:16:16+08:00][sql] CONNECT:[ UseTime:0.001002s ] mysql:host=127.0.0.1;port=3306;dbname=tpif;charset=utf8
[2020-03-04T15:16:16+08:00][sql] SHOW FULL COLUMNS FROM `tp_admin_menu` [ RunTime:0.016999s ]
[2020-03-04T15:16:16+08:00][sql] SELECT * FROM `tp_admin_menu` WHERE  `type` = 1  AND `status` = 1 ORDER BY `parent_id`,`list_order` [ RunTime:0.002001s ]
[2020-03-04T15:16:16+08:00][sql] SHOW FULL COLUMNS FROM `tp_admin_auth` [ RunTime:0.014001s ]
[2020-03-04T15:16:16+08:00][sql] SELECT `menu_id` FROM `tp_admin_auth` WHERE  `id` = 1 LIMIT 1 [ RunTime:0.000000s ]
[2020-03-04T15:16:19+08:00][sql] CONNECT:[ UseTime:0.000999s ] mysql:host=127.0.0.1;port=3306;dbname=tpif;charset=utf8
[2020-03-04T15:16:19+08:00][sql] SHOW FULL COLUMNS FROM `tp_admin_menu` [ RunTime:0.022001s ]
[2020-03-04T15:16:19+08:00][sql] SELECT VERSION() AS ver [ RunTime:0.000000s ]
[2020-03-04T15:16:23+08:00][sql] CONNECT:[ UseTime:0.002001s ] mysql:host=127.0.0.1;port=3306;dbname=tpif;charset=utf8
[2020-03-04T15:16:23+08:00][sql] SHOW FULL COLUMNS FROM `tp_admin_menu` [ RunTime:0.017999s ]
[2020-03-04T15:16:23+08:00][sql] SELECT * FROM `tp_admin_menu` WHERE  `status` = 1  AND ( `parent_id` = 38 OR `id` = 38 ) ORDER BY `parent_id`,`list_order` [ RunTime:0.000999s ]
[2020-03-04T15:16:23+08:00][sql] SHOW FULL COLUMNS FROM `tp_admin_auth` [ RunTime:0.013002s ]
[2020-03-04T15:16:23+08:00][sql] SELECT `menu_id` FROM `tp_admin_auth` WHERE  `id` = 1 LIMIT 1 [ RunTime:0.000000s ]
[2020-03-04T15:16:23+08:00][sql] SHOW FULL COLUMNS FROM `tp_admin_role` [ RunTime:0.013000s ]
[2020-03-04T15:16:23+08:00][sql] SELECT * FROM `tp_admin_role` ORDER BY `id` ASC [ RunTime:0.000997s ]
[2020-03-04T15:30:42+08:00][sql] CONNECT:[ UseTime:0.001999s ] mysql:host=127.0.0.1;port=3306;dbname=tpif;charset=utf8
[2020-03-04T15:30:42+08:00][sql] SHOW FULL COLUMNS FROM `tp_admin_menu` [ RunTime:0.015002s ]
[2020-03-04T15:30:42+08:00][sql] SELECT * FROM `tp_admin_menu` WHERE  `status` = 1  AND ( `parent_id` = 38 OR `id` = 38 ) ORDER BY `parent_id`,`list_order` [ RunTime:0.001000s ]
[2020-03-04T15:30:42+08:00][sql] SHOW FULL COLUMNS FROM `tp_admin_auth` [ RunTime:0.011999s ]
[2020-03-04T15:30:42+08:00][sql] SELECT `menu_id` FROM `tp_admin_auth` WHERE  `id` = 1 LIMIT 1 [ RunTime:0.000000s ]
[2020-03-04T15:30:42+08:00][sql] SHOW FULL COLUMNS FROM `tp_admin_role` [ RunTime:0.014001s ]
[2020-03-04T15:30:42+08:00][sql] SELECT * FROM `tp_admin_role` ORDER BY `id` ASC [ RunTime:0.000999s ]
[2020-03-04T15:31:01+08:00][sql] CONNECT:[ UseTime:0.001000s ] mysql:host=127.0.0.1;port=3306;dbname=tpif;charset=utf8
[2020-03-04T15:31:01+08:00][sql] SHOW FULL COLUMNS FROM `tp_admin_menu` [ RunTime:0.020997s ]
[2020-03-04T15:31:01+08:00][sql] SELECT * FROM `tp_admin_menu` WHERE  `status` = 1  AND ( `parent_id` = 38 OR `id` = 38 ) ORDER BY `parent_id`,`list_order` [ RunTime:0.000998s ]
[2020-03-04T15:31:01+08:00][sql] SHOW FULL COLUMNS FROM `tp_admin_auth` [ RunTime:0.016002s ]
[2020-03-04T15:31:01+08:00][sql] SELECT `menu_id` FROM `tp_admin_auth` WHERE  `id` = 1 LIMIT 1 [ RunTime:0.000000s ]
[2020-03-04T15:31:01+08:00][sql] SHOW FULL COLUMNS FROM `tp_admin_role` [ RunTime:0.014003s ]
[2020-03-04T15:31:01+08:00][sql] SELECT * FROM `tp_admin_role` ORDER BY `id` ASC [ RunTime:0.001000s ]
[2020-03-04T15:31:11+08:00][sql] CONNECT:[ UseTime:0.001001s ] mysql:host=127.0.0.1;port=3306;dbname=tpif;charset=utf8
[2020-03-04T15:31:11+08:00][sql] SHOW FULL COLUMNS FROM `tp_admin_menu` [ RunTime:0.014000s ]
[2020-03-04T15:31:11+08:00][sql] SELECT * FROM `tp_admin_menu` WHERE  `status` = 1  AND ( `parent_id` = 38 OR `id` = 38 ) ORDER BY `parent_id`,`list_order` [ RunTime:0.001001s ]
[2020-03-04T15:31:11+08:00][sql] SHOW FULL COLUMNS FROM `tp_admin_auth` [ RunTime:0.013001s ]
[2020-03-04T15:31:11+08:00][sql] SELECT `menu_id` FROM `tp_admin_auth` WHERE  `id` = 1 LIMIT 1 [ RunTime:0.000000s ]
[2020-03-04T15:31:11+08:00][sql] SHOW FULL COLUMNS FROM `tp_admin_role` [ RunTime:0.013002s ]
[2020-03-04T15:31:11+08:00][sql] SELECT * FROM `tp_admin_role` ORDER BY `id` ASC [ RunTime:0.000000s ]
[2020-03-04T15:31:15+08:00][sql] CONNECT:[ UseTime:0.001001s ] mysql:host=127.0.0.1;port=3306;dbname=tpif;charset=utf8
[2020-03-04T15:31:15+08:00][sql] SHOW FULL COLUMNS FROM `tp_admin_menu` [ RunTime:0.014999s ]
[2020-03-04T15:31:15+08:00][sql] SELECT * FROM `tp_admin_menu` WHERE  `status` = 1  AND ( `parent_id` = 38 OR `id` = 38 ) ORDER BY `parent_id`,`list_order` [ RunTime:0.000998s ]
[2020-03-04T15:31:15+08:00][sql] SHOW FULL COLUMNS FROM `tp_admin_auth` [ RunTime:0.014003s ]
[2020-03-04T15:31:15+08:00][sql] SELECT `menu_id` FROM `tp_admin_auth` WHERE  `id` = 1 LIMIT 1 [ RunTime:0.000998s ]
[2020-03-04T15:31:15+08:00][sql] SHOW FULL COLUMNS FROM `tp_admin_role` [ RunTime:0.013992s ]
[2020-03-04T15:31:15+08:00][sql] SELECT * FROM `tp_admin_role` ORDER BY `id` ASC [ RunTime:0.000999s ]
[2020-03-04T15:31:27+08:00][sql] CONNECT:[ UseTime:0.001001s ] mysql:host=127.0.0.1;port=3306;dbname=tpif;charset=utf8
[2020-03-04T15:31:27+08:00][sql] SHOW FULL COLUMNS FROM `tp_admin_menu` [ RunTime:0.016999s ]
[2020-03-04T15:31:27+08:00][sql] SELECT * FROM `tp_admin_menu` WHERE  `type` = 1  AND `status` = 1 ORDER BY `parent_id`,`list_order` [ RunTime:0.002000s ]
[2020-03-04T15:31:27+08:00][sql] SHOW FULL COLUMNS FROM `tp_admin_auth` [ RunTime:0.013998s ]
[2020-03-04T15:31:27+08:00][sql] SELECT `menu_id` FROM `tp_admin_auth` WHERE  `id` = 1 LIMIT 1 [ RunTime:0.001001s ]
[2020-03-04T15:31:27+08:00][sql] CONNECT:[ UseTime:0.001001s ] mysql:host=127.0.0.1;port=3306;dbname=tpif;charset=utf8
[2020-03-04T15:31:27+08:00][sql] SHOW FULL COLUMNS FROM `tp_admin_menu` [ RunTime:0.015000s ]
[2020-03-04T15:31:27+08:00][sql] SELECT VERSION() AS ver [ RunTime:0.000000s ]
[2020-03-04T15:31:32+08:00][sql] CONNECT:[ UseTime:0.000999s ] mysql:host=127.0.0.1;port=3306;dbname=tpif;charset=utf8
[2020-03-04T15:31:32+08:00][sql] SHOW FULL COLUMNS FROM `tp_admin_menu` [ RunTime:0.015001s ]
[2020-03-04T15:31:32+08:00][sql] SELECT * FROM `tp_admin_menu` WHERE  `status` = 1  AND ( `parent_id` = 38 OR `id` = 38 ) ORDER BY `parent_id`,`list_order` [ RunTime:0.000000s ]
[2020-03-04T15:31:32+08:00][sql] SHOW FULL COLUMNS FROM `tp_admin_auth` [ RunTime:0.012002s ]
[2020-03-04T15:31:32+08:00][sql] SELECT `menu_id` FROM `tp_admin_auth` WHERE  `id` = 1 LIMIT 1 [ RunTime:0.000000s ]
[2020-03-04T15:31:32+08:00][sql] SHOW FULL COLUMNS FROM `tp_admin_role` [ RunTime:0.013999s ]
[2020-03-04T15:31:32+08:00][sql] SELECT * FROM `tp_admin_role` ORDER BY `id` ASC [ RunTime:0.001000s ]
[2020-03-04T15:31:42+08:00][sql] CONNECT:[ UseTime:0.002001s ] mysql:host=127.0.0.1;port=3306;dbname=tpif;charset=utf8
[2020-03-04T15:31:42+08:00][sql] SHOW FULL COLUMNS FROM `tp_admin_menu` [ RunTime:0.015000s ]
[2020-03-04T15:32:57+08:00][sql] CONNECT:[ UseTime:0.001000s ] mysql:host=127.0.0.1;port=3306;dbname=tpif;charset=utf8
[2020-03-04T15:32:57+08:00][sql] SHOW FULL COLUMNS FROM `tp_admin_menu` [ RunTime:0.013998s ]
[2020-03-04T15:32:57+08:00][sql] SELECT * FROM `tp_admin_menu` WHERE  `status` = 1  AND ( `parent_id` = 38 OR `id` = 38 ) ORDER BY `parent_id`,`list_order` [ RunTime:0.001001s ]
[2020-03-04T15:32:57+08:00][sql] SHOW FULL COLUMNS FROM `tp_admin_auth` [ RunTime:0.012998s ]
[2020-03-04T15:32:57+08:00][sql] SELECT `menu_id` FROM `tp_admin_auth` WHERE  `id` = 1 LIMIT 1 [ RunTime:0.001001s ]
[2020-03-04T15:32:57+08:00][sql] SHOW FULL COLUMNS FROM `tp_admin_role` [ RunTime:0.012999s ]
[2020-03-04T15:32:57+08:00][sql] SELECT * FROM `tp_admin_role` ORDER BY `id` ASC [ RunTime:0.000000s ]
[2020-03-04T15:53:37+08:00][sql] CONNECT:[ UseTime:0.012000s ] mysql:host=127.0.0.1;port=3306;dbname=tpif;charset=utf8
[2020-03-04T15:53:37+08:00][sql] SHOW FULL COLUMNS FROM `tp_admin_menu` [ RunTime:0.015001s ]
[2020-03-04T15:53:37+08:00][sql] SELECT * FROM `tp_admin_menu` WHERE  `status` = 1  AND ( `parent_id` = 38 OR `id` = 38 ) ORDER BY `parent_id`,`list_order` [ RunTime:0.001002s ]
[2020-03-04T15:53:37+08:00][sql] SHOW FULL COLUMNS FROM `tp_admin_auth` [ RunTime:0.014001s ]
[2020-03-04T15:53:37+08:00][sql] SELECT `menu_id` FROM `tp_admin_auth` WHERE  `id` = 1 LIMIT 1 [ RunTime:0.000000s ]
[2020-03-04T15:53:37+08:00][sql] SHOW FULL COLUMNS FROM `tp_admin_role` [ RunTime:0.013995s ]
[2020-03-04T15:53:37+08:00][sql] SELECT * FROM `tp_admin_role` ORDER BY `id` ASC [ RunTime:0.000995s ]
[2020-03-04T15:53:43+08:00][sql] CONNECT:[ UseTime:0.001997s ] mysql:host=127.0.0.1;port=3306;dbname=tpif;charset=utf8
[2020-03-04T15:53:43+08:00][sql] SHOW FULL COLUMNS FROM `tp_admin_menu` [ RunTime:0.023000s ]
[2020-03-04T15:53:43+08:00][sql] SELECT * FROM `tp_admin_menu` WHERE  `status` = 1  AND ( `parent_id` = 38 OR `id` = 38 ) ORDER BY `parent_id`,`list_order` [ RunTime:0.000999s ]
[2020-03-04T15:53:43+08:00][sql] SHOW FULL COLUMNS FROM `tp_admin_auth` [ RunTime:0.014007s ]
[2020-03-04T15:53:43+08:00][sql] SELECT `menu_id` FROM `tp_admin_auth` WHERE  `id` = 1 LIMIT 1 [ RunTime:0.001000s ]
[2020-03-04T15:53:43+08:00][sql] SHOW FULL COLUMNS FROM `tp_admin_role` [ RunTime:0.014995s ]
[2020-03-04T15:53:43+08:00][sql] SELECT * FROM `tp_admin_role` ORDER BY `id` ASC [ RunTime:0.000000s ]
[2020-03-04T15:53:47+08:00][sql] CONNECT:[ UseTime:0.001002s ] mysql:host=127.0.0.1;port=3306;dbname=tpif;charset=utf8
[2020-03-04T15:53:47+08:00][sql] SHOW FULL COLUMNS FROM `tp_admin_menu` [ RunTime:0.016001s ]
[2020-03-04T15:53:47+08:00][sql] SELECT * FROM `tp_admin_menu` WHERE  `status` = 1  AND ( `parent_id` = 38 OR `id` = 38 ) ORDER BY `parent_id`,`list_order` [ RunTime:0.001004s ]
[2020-03-04T15:53:47+08:00][sql] SHOW FULL COLUMNS FROM `tp_admin_auth` [ RunTime:0.013997s ]
[2020-03-04T15:53:47+08:00][sql] SELECT `menu_id` FROM `tp_admin_auth` WHERE  `id` = 1 LIMIT 1 [ RunTime:0.001005s ]
[2020-03-04T15:53:47+08:00][sql] SHOW FULL COLUMNS FROM `tp_admin_role` [ RunTime:0.014999s ]
[2020-03-04T15:53:47+08:00][sql] SELECT * FROM `tp_admin_role` ORDER BY `id` ASC [ RunTime:0.001002s ]
[2020-03-04T15:53:52+08:00][sql] CONNECT:[ UseTime:0.001999s ] mysql:host=127.0.0.1;port=3306;dbname=tpif;charset=utf8
[2020-03-04T15:53:52+08:00][sql] SHOW FULL COLUMNS FROM `tp_admin_menu` [ RunTime:0.015009s ]
[2020-03-04T15:53:52+08:00][sql] SELECT * FROM `tp_admin_menu` WHERE  `status` = 1  AND ( `parent_id` = 38 OR `id` = 38 ) ORDER BY `parent_id`,`list_order` [ RunTime:0.002000s ]
[2020-03-04T15:53:52+08:00][sql] SHOW FULL COLUMNS FROM `tp_admin_auth` [ RunTime:0.015005s ]
[2020-03-04T15:53:52+08:00][sql] SELECT `menu_id` FROM `tp_admin_auth` WHERE  `id` = 1 LIMIT 1 [ RunTime:0.001000s ]
[2020-03-04T15:53:52+08:00][sql] SHOW FULL COLUMNS FROM `tp_admin_role` [ RunTime:0.014999s ]
[2020-03-04T15:53:52+08:00][sql] SELECT * FROM `tp_admin_role` ORDER BY `id` ASC [ RunTime:0.000000s ]
[2020-03-04T15:53:57+08:00][sql] CONNECT:[ UseTime:0.001000s ] mysql:host=127.0.0.1;port=3306;dbname=tpif;charset=utf8
[2020-03-04T15:53:57+08:00][sql] SHOW FULL COLUMNS FROM `tp_admin_menu` [ RunTime:0.014000s ]
[2020-03-04T15:53:57+08:00][sql] SELECT * FROM `tp_admin_menu` WHERE  `status` = 1  AND ( `parent_id` = 38 OR `id` = 38 ) ORDER BY `parent_id`,`list_order` [ RunTime:0.001001s ]
[2020-03-04T15:53:57+08:00][sql] SHOW FULL COLUMNS FROM `tp_admin_auth` [ RunTime:0.013002s ]
[2020-03-04T15:53:57+08:00][sql] SELECT `menu_id` FROM `tp_admin_auth` WHERE  `id` = 1 LIMIT 1 [ RunTime:0.000000s ]
[2020-03-04T15:53:57+08:00][sql] SHOW FULL COLUMNS FROM `tp_admin_role` [ RunTime:0.013999s ]
[2020-03-04T15:53:57+08:00][sql] SELECT * FROM `tp_admin_role` ORDER BY `id` ASC [ RunTime:0.001000s ]
[2020-03-04T16:14:49+08:00][sql] CONNECT:[ UseTime:0.002002s ] mysql:host=127.0.0.1;port=3306;dbname=tpif;charset=utf8
[2020-03-04T16:14:49+08:00][sql] SHOW FULL COLUMNS FROM `tp_admin_menu` [ RunTime:0.014999s ]
[2020-03-04T16:14:49+08:00][sql] SELECT * FROM `tp_admin_menu` WHERE  `status` = 1  AND ( `parent_id` = 38 OR `id` = 38 ) ORDER BY `parent_id`,`list_order` [ RunTime:0.001000s ]
[2020-03-04T16:14:49+08:00][sql] SHOW FULL COLUMNS FROM `tp_admin_auth` [ RunTime:0.014001s ]
[2020-03-04T16:14:49+08:00][sql] SELECT `menu_id` FROM `tp_admin_auth` WHERE  `id` = 1 LIMIT 1 [ RunTime:0.000000s ]
[2020-03-04T16:14:49+08:00][sql] SHOW FULL COLUMNS FROM `tp_admin_role` [ RunTime:0.014999s ]
[2020-03-04T16:14:49+08:00][sql] SELECT * FROM `tp_admin_role` ORDER BY `id` ASC [ RunTime:0.001000s ]
[2020-03-04T16:14:53+08:00][sql] CONNECT:[ UseTime:0.010022s ] mysql:host=127.0.0.1;port=3306;dbname=tpif;charset=utf8
[2020-03-04T16:14:53+08:00][sql] SHOW FULL COLUMNS FROM `tp_admin_menu` [ RunTime:0.023000s ]
[2020-03-04T16:14:53+08:00][sql] SELECT * FROM `tp_admin_menu` WHERE  `status` = 1  AND ( `parent_id` = 38 OR `id` = 38 ) ORDER BY `parent_id`,`list_order` [ RunTime:0.000999s ]
[2020-03-04T16:14:53+08:00][sql] SHOW FULL COLUMNS FROM `tp_admin_auth` [ RunTime:0.013999s ]
[2020-03-04T16:14:53+08:00][sql] SELECT `menu_id` FROM `tp_admin_auth` WHERE  `id` = 1 LIMIT 1 [ RunTime:0.000999s ]
[2020-03-04T16:14:53+08:00][sql] SHOW FULL COLUMNS FROM `tp_admin_role` [ RunTime:0.015001s ]
[2020-03-04T16:14:53+08:00][sql] SELECT * FROM `tp_admin_role` ORDER BY `id` ASC [ RunTime:0.001003s ]
[2020-03-04T16:15:00+08:00][sql] CONNECT:[ UseTime:0.001000s ] mysql:host=127.0.0.1;port=3306;dbname=tpif;charset=utf8
[2020-03-04T16:15:00+08:00][sql] SHOW FULL COLUMNS FROM `tp_admin_menu` [ RunTime:0.016998s ]
[2020-03-04T16:15:00+08:00][sql] SELECT * FROM `tp_admin_menu` WHERE  `status` = 1  AND ( `parent_id` = 38 OR `id` = 38 ) ORDER BY `parent_id`,`list_order` [ RunTime:0.001002s ]
[2020-03-04T16:15:00+08:00][sql] SHOW FULL COLUMNS FROM `tp_admin_auth` [ RunTime:0.014000s ]
[2020-03-04T16:15:00+08:00][sql] SELECT `menu_id` FROM `tp_admin_auth` WHERE  `id` = 1 LIMIT 1 [ RunTime:0.000000s ]
[2020-03-04T16:15:00+08:00][sql] SHOW FULL COLUMNS FROM `tp_admin_role` [ RunTime:0.014995s ]
[2020-03-04T16:15:00+08:00][sql] SELECT * FROM `tp_admin_role` ORDER BY `id` ASC [ RunTime:0.000999s ]
[2020-03-04T16:15:03+08:00][sql] CONNECT:[ UseTime:0.011996s ] mysql:host=127.0.0.1;port=3306;dbname=tpif;charset=utf8
[2020-03-04T16:15:03+08:00][sql] SHOW FULL COLUMNS FROM `tp_admin_menu` [ RunTime:0.014995s ]
[2020-03-04T16:15:03+08:00][sql] SELECT * FROM `tp_admin_menu` WHERE  `status` = 1  AND ( `parent_id` = 38 OR `id` = 38 ) ORDER BY `parent_id`,`list_order` [ RunTime:0.000999s ]
[2020-03-04T16:15:03+08:00][sql] SHOW FULL COLUMNS FROM `tp_admin_auth` [ RunTime:0.013999s ]
[2020-03-04T16:15:03+08:00][sql] SELECT `menu_id` FROM `tp_admin_auth` WHERE  `id` = 1 LIMIT 1 [ RunTime:0.001007s ]
[2020-03-04T16:15:03+08:00][sql] SHOW FULL COLUMNS FROM `tp_admin_role` [ RunTime:0.013998s ]
[2020-03-04T16:15:03+08:00][sql] SELECT * FROM `tp_admin_role` ORDER BY `id` ASC [ RunTime:0.000996s ]
[2020-03-04T16:16:01+08:00][sql] CONNECT:[ UseTime:0.001000s ] mysql:host=127.0.0.1;port=3306;dbname=tpif;charset=utf8
[2020-03-04T16:16:01+08:00][sql] SHOW FULL COLUMNS FROM `tp_admin_menu` [ RunTime:0.014000s ]
[2020-03-04T16:16:01+08:00][sql] SELECT * FROM `tp_admin_menu` WHERE  `status` = 1  AND ( `parent_id` = 38 OR `id` = 38 ) ORDER BY `parent_id`,`list_order` [ RunTime:0.000999s ]
[2020-03-04T16:16:01+08:00][sql] SHOW FULL COLUMNS FROM `tp_admin_auth` [ RunTime:0.014001s ]
[2020-03-04T16:16:01+08:00][sql] SELECT `menu_id` FROM `tp_admin_auth` WHERE  `id` = 1 LIMIT 1 [ RunTime:0.000000s ]
[2020-03-04T16:16:01+08:00][sql] SHOW FULL COLUMNS FROM `tp_admin_role` [ RunTime:0.015000s ]
[2020-03-04T16:16:01+08:00][sql] SELECT * FROM `tp_admin_role` ORDER BY `id` ASC [ RunTime:0.000000s ]
[2020-03-04T16:16:05+08:00][sql] CONNECT:[ UseTime:0.011006s ] mysql:host=127.0.0.1;port=3306;dbname=tpif;charset=utf8
[2020-03-04T16:16:05+08:00][sql] SHOW FULL COLUMNS FROM `tp_admin_menu` [ RunTime:0.015000s ]
[2020-03-04T16:16:05+08:00][sql] SELECT * FROM `tp_admin_menu` WHERE  `status` = 1  AND ( `parent_id` = 38 OR `id` = 38 ) ORDER BY `parent_id`,`list_order` [ RunTime:0.001002s ]
[2020-03-04T16:16:05+08:00][sql] SHOW FULL COLUMNS FROM `tp_admin_auth` [ RunTime:0.014006s ]
[2020-03-04T16:16:05+08:00][sql] SELECT `menu_id` FROM `tp_admin_auth` WHERE  `id` = 1 LIMIT 1 [ RunTime:0.001000s ]
[2020-03-04T16:16:05+08:00][sql] SHOW FULL COLUMNS FROM `tp_admin_role` [ RunTime:0.013999s ]
[2020-03-04T16:16:05+08:00][sql] SELECT * FROM `tp_admin_role` ORDER BY `id` ASC [ RunTime:0.001006s ]
[2020-03-04T16:16:14+08:00][sql] CONNECT:[ UseTime:0.002000s ] mysql:host=127.0.0.1;port=3306;dbname=tpif;charset=utf8
[2020-03-04T16:16:14+08:00][sql] SHOW FULL COLUMNS FROM `tp_admin_menu` [ RunTime:0.017997s ]
[2020-03-04T16:16:14+08:00][sql] SELECT * FROM `tp_admin_menu` WHERE  `status` = 1  AND ( `parent_id` = 38 OR `id` = 38 ) ORDER BY `parent_id`,`list_order` [ RunTime:0.001002s ]
[2020-03-04T16:16:14+08:00][sql] SHOW FULL COLUMNS FROM `tp_admin_auth` [ RunTime:0.012999s ]
[2020-03-04T16:16:14+08:00][sql] SELECT `menu_id` FROM `tp_admin_auth` WHERE  `id` = 1 LIMIT 1 [ RunTime:0.000000s ]
[2020-03-04T16:16:14+08:00][sql] SHOW FULL COLUMNS FROM `tp_admin_role` [ RunTime:0.014000s ]
[2020-03-04T16:16:14+08:00][sql] SELECT * FROM `tp_admin_role` ORDER BY `id` ASC [ RunTime:0.000000s ]
[2020-03-04T16:21:51+08:00][sql] CONNECT:[ UseTime:0.000997s ] mysql:host=127.0.0.1;port=3306;dbname=tpif;charset=utf8
[2020-03-04T16:21:51+08:00][sql] SHOW FULL COLUMNS FROM `tp_admin_menu` [ RunTime:0.014998s ]
[2020-03-04T16:21:51+08:00][sql] SHOW FULL COLUMNS FROM `tp_admin_role` [ RunTime:0.016000s ]
[2020-03-04T16:21:51+08:00][sql] SELECT * FROM `tp_admin_role` ORDER BY `id` ASC [ RunTime:0.000000s ]
[2020-03-04T16:21:54+08:00][sql] CONNECT:[ UseTime:0.002002s ] mysql:host=127.0.0.1;port=3306;dbname=tpif;charset=utf8
[2020-03-04T16:21:54+08:00][sql] SHOW FULL COLUMNS FROM `tp_admin_menu` [ RunTime:0.015001s ]
[2020-03-04T16:21:54+08:00][sql] SHOW FULL COLUMNS FROM `tp_admin_role` [ RunTime:0.014999s ]
[2020-03-04T16:21:54+08:00][sql] SELECT * FROM `tp_admin_role` ORDER BY `id` ASC [ RunTime:0.001000s ]
[2020-03-04T16:24:59+08:00][sql] CONNECT:[ UseTime:0.011012s ] mysql:host=127.0.0.1;port=3306;dbname=tpif;charset=utf8
[2020-03-04T16:24:59+08:00][sql] SHOW FULL COLUMNS FROM `tp_admin_menu` [ RunTime:0.016000s ]
[2020-03-04T16:24:59+08:00][sql] SELECT * FROM `tp_admin_menu` WHERE  `type` = 1  AND `status` = 1 ORDER BY `parent_id`,`list_order` [ RunTime:0.002002s ]
[2020-03-04T16:24:59+08:00][sql] SHOW FULL COLUMNS FROM `tp_admin_auth` [ RunTime:0.014999s ]
[2020-03-04T16:24:59+08:00][sql] SELECT `menu_id` FROM `tp_admin_auth` WHERE  `id` = 1 LIMIT 1 [ RunTime:0.000999s ]
[2020-03-04T16:24:59+08:00][sql] CONNECT:[ UseTime:0.000999s ] mysql:host=127.0.0.1;port=3306;dbname=tpif;charset=utf8
[2020-03-04T16:24:59+08:00][sql] SHOW FULL COLUMNS FROM `tp_admin_menu` [ RunTime:0.013998s ]
[2020-03-04T16:24:59+08:00][sql] SELECT VERSION() AS ver [ RunTime:0.000998s ]
[2020-03-04T16:25:02+08:00][sql] CONNECT:[ UseTime:0.002001s ] mysql:host=127.0.0.1;port=3306;dbname=tpif;charset=utf8
[2020-03-04T16:25:02+08:00][sql] SHOW FULL COLUMNS FROM `tp_admin_menu` [ RunTime:0.014997s ]
[2020-03-04T16:25:02+08:00][sql] SELECT * FROM `tp_admin_menu` WHERE  `status` = 1  AND ( `parent_id` = 38 OR `id` = 38 ) ORDER BY `parent_id`,`list_order` [ RunTime:0.001001s ]
[2020-03-04T16:25:02+08:00][sql] SHOW FULL COLUMNS FROM `tp_admin_auth` [ RunTime:0.015001s ]
[2020-03-04T16:25:02+08:00][sql] SELECT `menu_id` FROM `tp_admin_auth` WHERE  `id` = 1 LIMIT 1 [ RunTime:0.001000s ]
[2020-03-04T16:25:02+08:00][sql] SHOW FULL COLUMNS FROM `tp_admin_role` [ RunTime:0.015997s ]
[2020-03-04T16:25:02+08:00][sql] SELECT * FROM `tp_admin_role` ORDER BY `id` ASC [ RunTime:0.000000s ]
[2020-03-04T16:28:09+08:00][sql] CONNECT:[ UseTime:0.002000s ] mysql:host=127.0.0.1;port=3306;dbname=tpif;charset=utf8
[2020-03-04T16:28:09+08:00][sql] SHOW FULL COLUMNS FROM `tp_admin_menu` [ RunTime:0.013000s ]
[2020-03-04T16:28:09+08:00][sql] SELECT * FROM `tp_admin_menu` WHERE  `type` = 1  AND `status` = 1 ORDER BY `parent_id`,`list_order` [ RunTime:0.001999s ]
[2020-03-04T16:28:09+08:00][sql] SHOW FULL COLUMNS FROM `tp_admin_auth` [ RunTime:0.014002s ]
[2020-03-04T16:28:09+08:00][sql] SELECT `menu_id` FROM `tp_admin_auth` WHERE  `id` = 1 LIMIT 1 [ RunTime:0.001000s ]
[2020-03-04T16:28:09+08:00][sql] CONNECT:[ UseTime:0.000999s ] mysql:host=127.0.0.1;port=3306;dbname=tpif;charset=utf8
[2020-03-04T16:28:09+08:00][sql] SHOW FULL COLUMNS FROM `tp_admin_menu` [ RunTime:0.017001s ]
[2020-03-04T16:28:09+08:00][sql] SELECT VERSION() AS ver [ RunTime:0.000000s ]
[2020-03-04T16:30:49+08:00][sql] CONNECT:[ UseTime:0.011002s ] mysql:host=127.0.0.1;port=3306;dbname=tpif;charset=utf8
[2020-03-04T16:30:49+08:00][sql] SHOW FULL COLUMNS FROM `tp_admin_menu` [ RunTime:0.018999s ]
[2020-03-04T16:30:49+08:00][sql] SELECT * FROM `tp_admin_menu` WHERE  `type` = 1  AND `status` = 1 ORDER BY `parent_id`,`list_order` [ RunTime:0.002000s ]
[2020-03-04T16:30:49+08:00][sql] SHOW FULL COLUMNS FROM `tp_admin_auth` [ RunTime:0.014999s ]
[2020-03-04T16:30:49+08:00][sql] SELECT `menu_id` FROM `tp_admin_auth` WHERE  `id` = 1 LIMIT 1 [ RunTime:0.001000s ]
[2020-03-04T16:30:49+08:00][sql] CONNECT:[ UseTime:0.000999s ] mysql:host=127.0.0.1;port=3306;dbname=tpif;charset=utf8
[2020-03-04T16:30:49+08:00][sql] SHOW FULL COLUMNS FROM `tp_admin_menu` [ RunTime:0.014002s ]
[2020-03-04T16:30:49+08:00][sql] SELECT VERSION() AS ver [ RunTime:0.000000s ]
[2020-03-04T16:32:04+08:00][sql] CONNECT:[ UseTime:0.001001s ] mysql:host=127.0.0.1;port=3306;dbname=tpif;charset=utf8
[2020-03-04T16:32:04+08:00][sql] SHOW FULL COLUMNS FROM `tp_admin_menu` [ RunTime:0.023001s ]
[2020-03-04T16:32:04+08:00][sql] SELECT * FROM `tp_admin_menu` WHERE  `type` = 1  AND `status` = 1 ORDER BY `parent_id`,`list_order` [ RunTime:0.001999s ]
[2020-03-04T16:32:04+08:00][sql] SHOW FULL COLUMNS FROM `tp_admin_auth` [ RunTime:0.013999s ]
[2020-03-04T16:32:04+08:00][sql] SELECT `menu_id` FROM `tp_admin_auth` WHERE  `id` = 1 LIMIT 1 [ RunTime:0.001000s ]
[2020-03-04T16:32:04+08:00][sql] CONNECT:[ UseTime:0.002000s ] mysql:host=127.0.0.1;port=3306;dbname=tpif;charset=utf8
[2020-03-04T16:32:04+08:00][sql] SHOW FULL COLUMNS FROM `tp_admin_menu` [ RunTime:0.015000s ]
[2020-03-04T16:32:04+08:00][sql] SELECT VERSION() AS ver [ RunTime:0.000000s ]
[2020-03-04T16:32:07+08:00][sql] CONNECT:[ UseTime:0.002000s ] mysql:host=127.0.0.1;port=3306;dbname=tpif;charset=utf8
[2020-03-04T16:32:07+08:00][sql] SHOW FULL COLUMNS FROM `tp_admin_menu` [ RunTime:0.021002s ]
[2020-03-04T16:32:07+08:00][sql] SELECT * FROM `tp_admin_menu` WHERE  `type` = 1  AND `status` = 1 ORDER BY `parent_id`,`list_order` [ RunTime:0.002002s ]
[2020-03-04T16:32:07+08:00][sql] SHOW FULL COLUMNS FROM `tp_admin_auth` [ RunTime:0.014000s ]
[2020-03-04T16:32:07+08:00][sql] SELECT `menu_id` FROM `tp_admin_auth` WHERE  `id` = 1 LIMIT 1 [ RunTime:0.001002s ]
[2020-03-04T16:32:07+08:00][sql] CONNECT:[ UseTime:0.000999s ] mysql:host=127.0.0.1;port=3306;dbname=tpif;charset=utf8
[2020-03-04T16:32:07+08:00][sql] SHOW FULL COLUMNS FROM `tp_admin_menu` [ RunTime:0.015001s ]
[2020-03-04T16:32:07+08:00][sql] SELECT VERSION() AS ver [ RunTime:0.001002s ]
[2020-03-04T16:32:40+08:00][sql] CONNECT:[ UseTime:0.010001s ] mysql:host=127.0.0.1;port=3306;dbname=tpif;charset=utf8
[2020-03-04T16:32:40+08:00][sql] SHOW FULL COLUMNS FROM `tp_admin_menu` [ RunTime:0.013002s ]
[2020-03-04T16:32:40+08:00][sql] SELECT VERSION() AS ver [ RunTime:0.000997s ]
[2020-03-04T16:32:42+08:00][sql] CONNECT:[ UseTime:0.002001s ] mysql:host=127.0.0.1;port=3306;dbname=tpif;charset=utf8
[2020-03-04T16:32:42+08:00][sql] SHOW FULL COLUMNS FROM `tp_admin_menu` [ RunTime:0.014000s ]
[2020-03-04T16:32:42+08:00][sql] SELECT * FROM `tp_admin_menu` WHERE  `type` = 1  AND `status` = 1 ORDER BY `parent_id`,`list_order` [ RunTime:0.001999s ]
[2020-03-04T16:32:42+08:00][sql] SHOW FULL COLUMNS FROM `tp_admin_auth` [ RunTime:0.014000s ]
[2020-03-04T16:32:42+08:00][sql] SELECT `menu_id` FROM `tp_admin_auth` WHERE  `id` = 1 LIMIT 1 [ RunTime:0.000000s ]
[2020-03-04T16:32:43+08:00][sql] CONNECT:[ UseTime:0.002988s ] mysql:host=127.0.0.1;port=3306;dbname=tpif;charset=utf8
[2020-03-04T16:32:43+08:00][sql] SHOW FULL COLUMNS FROM `tp_admin_menu` [ RunTime:0.015999s ]
[2020-03-04T16:32:43+08:00][sql] SELECT VERSION() AS ver [ RunTime:0.000000s ]
[2020-03-04T16:32:55+08:00][sql] CONNECT:[ UseTime:0.010009s ] mysql:host=127.0.0.1;port=3306;dbname=tpif;charset=utf8
[2020-03-04T16:32:55+08:00][sql] SHOW FULL COLUMNS FROM `tp_admin_menu` [ RunTime:0.014999s ]
[2020-03-04T16:32:55+08:00][sql] SELECT * FROM `tp_admin_menu` WHERE  `type` = 1  AND `status` = 1 ORDER BY `parent_id`,`list_order` [ RunTime:0.000999s ]
[2020-03-04T16:32:55+08:00][sql] SHOW FULL COLUMNS FROM `tp_admin_auth` [ RunTime:0.013998s ]
[2020-03-04T16:32:55+08:00][sql] SELECT `menu_id` FROM `tp_admin_auth` WHERE  `id` = 1 LIMIT 1 [ RunTime:0.000000s ]
[2020-03-04T16:32:55+08:00][sql] CONNECT:[ UseTime:0.001001s ] mysql:host=127.0.0.1;port=3306;dbname=tpif;charset=utf8
[2020-03-04T16:32:55+08:00][sql] SHOW FULL COLUMNS FROM `tp_admin_menu` [ RunTime:0.014998s ]
[2020-03-04T16:32:55+08:00][sql] SELECT VERSION() AS ver [ RunTime:0.000000s ]
[2020-03-04T16:33:11+08:00][sql] CONNECT:[ UseTime:0.001000s ] mysql:host=127.0.0.1;port=3306;dbname=tpif;charset=utf8
[2020-03-04T16:33:11+08:00][sql] SHOW FULL COLUMNS FROM `tp_admin_menu` [ RunTime:0.014994s ]
[2020-03-04T16:33:11+08:00][sql] SELECT * FROM `tp_admin_menu` WHERE  `type` = 1  AND `status` = 1 ORDER BY `parent_id`,`list_order` [ RunTime:0.002000s ]
[2020-03-04T16:33:11+08:00][sql] SHOW FULL COLUMNS FROM `tp_admin_auth` [ RunTime:0.014003s ]
[2020-03-04T16:33:11+08:00][sql] SELECT `menu_id` FROM `tp_admin_auth` WHERE  `id` = 1 LIMIT 1 [ RunTime:0.000000s ]
[2020-03-04T16:33:11+08:00][sql] CONNECT:[ UseTime:0.001000s ] mysql:host=127.0.0.1;port=3306;dbname=tpif;charset=utf8
[2020-03-04T16:33:11+08:00][sql] SHOW FULL COLUMNS FROM `tp_admin_menu` [ RunTime:0.015000s ]
[2020-03-04T16:33:11+08:00][sql] SELECT VERSION() AS ver [ RunTime:0.001001s ]
[2020-03-04T16:33:14+08:00][sql] CONNECT:[ UseTime:0.011000s ] mysql:host=127.0.0.1;port=3306;dbname=tpif;charset=utf8
[2020-03-04T16:33:14+08:00][sql] SHOW FULL COLUMNS FROM `tp_admin_menu` [ RunTime:0.023993s ]
[2020-03-04T16:36:28+08:00][sql] CONNECT:[ UseTime:0.001999s ] mysql:host=127.0.0.1;port=3306;dbname=tpif;charset=utf8
[2020-03-04T16:36:28+08:00][sql] SHOW FULL COLUMNS FROM `tp_admin` [ RunTime:0.024999s ]
[2020-03-04T16:36:28+08:00][sql] SELECT * FROM `tp_admin` WHERE  `uname` = 'admin'  AND `password` = '6fe4943af2ef7a4bf1b70d0d3099ce71' LIMIT 1 [ RunTime:0.002998s ]
[2020-03-04T16:36:38+08:00][sql] CONNECT:[ UseTime:0.002000s ] mysql:host=127.0.0.1;port=3306;dbname=tpif;charset=utf8
[2020-03-04T16:36:38+08:00][sql] SHOW FULL COLUMNS FROM `tp_admin` [ RunTime:0.017000s ]
[2020-03-04T16:36:38+08:00][sql] SELECT * FROM `tp_admin` WHERE  `uname` = 'admin'  AND `password` = '9c452a30c499813566a578b8a0f3b51d' LIMIT 1 [ RunTime:0.000996s ]
[2020-03-04T16:36:42+08:00][sql] CONNECT:[ UseTime:0.002000s ] mysql:host=127.0.0.1;port=3306;dbname=tpif;charset=utf8
[2020-03-04T16:36:42+08:00][sql] SHOW FULL COLUMNS FROM `tp_admin_menu` [ RunTime:0.021998s ]
[2020-03-04T16:36:42+08:00][sql] SELECT * FROM `tp_admin_menu` WHERE  `type` = 1  AND `status` = 1 ORDER BY `parent_id`,`list_order` [ RunTime:0.003000s ]
[2020-03-04T16:36:42+08:00][sql] SHOW FULL COLUMNS FROM `tp_admin_auth` [ RunTime:0.016999s ]
[2020-03-04T16:36:42+08:00][sql] SELECT `menu_id` FROM `tp_admin_auth` WHERE  `id` = 1 LIMIT 1 [ RunTime:0.000000s ]
[2020-03-04T16:36:42+08:00][sql] CONNECT:[ UseTime:0.002000s ] mysql:host=127.0.0.1;port=3306;dbname=tpif;charset=utf8
[2020-03-04T16:36:42+08:00][sql] SHOW FULL COLUMNS FROM `tp_admin_menu` [ RunTime:0.018999s ]
[2020-03-04T16:36:42+08:00][sql] SELECT VERSION() AS ver [ RunTime:0.000998s ]
[2020-03-04T16:36:45+08:00][sql] CONNECT:[ UseTime:0.010005s ] mysql:host=127.0.0.1;port=3306;dbname=tpif;charset=utf8
[2020-03-04T16:36:45+08:00][sql] SHOW FULL COLUMNS FROM `tp_admin_menu` [ RunTime:0.017000s ]
[2020-03-04T16:36:45+08:00][sql] SELECT * FROM `tp_admin_menu` WHERE  `status` = 1  AND ( `parent_id` = 38 OR `id` = 38 ) ORDER BY `parent_id`,`list_order` [ RunTime:0.001002s ]
[2020-03-04T16:36:45+08:00][sql] SHOW FULL COLUMNS FROM `tp_admin_auth` [ RunTime:0.014007s ]
[2020-03-04T16:36:45+08:00][sql] SELECT `menu_id` FROM `tp_admin_auth` WHERE  `id` = 1 LIMIT 1 [ RunTime:0.000994s ]
[2020-03-04T16:36:45+08:00][sql] SHOW FULL COLUMNS FROM `tp_admin_role` [ RunTime:0.015998s ]
[2020-03-04T16:36:45+08:00][sql] SELECT * FROM `tp_admin_role` ORDER BY `id` ASC [ RunTime:0.001002s ]
[2020-03-04T16:36:54+08:00][sql] CONNECT:[ UseTime:0.011998s ] mysql:host=127.0.0.1;port=3306;dbname=tpif;charset=utf8
[2020-03-04T16:36:54+08:00][sql] SHOW FULL COLUMNS FROM `tp_admin_menu` [ RunTime:0.023999s ]
[2020-03-04T16:36:54+08:00][sql] SHOW FULL COLUMNS FROM `tp_admin_role` [ RunTime:0.015997s ]
[2020-03-04T16:36:54+08:00][sql] SELECT * FROM `tp_admin_role` ORDER BY `id` ASC [ RunTime:0.000000s ]
[2020-03-04T16:36:56+08:00][sql] CONNECT:[ UseTime:0.000999s ] mysql:host=127.0.0.1;port=3306;dbname=tpif;charset=utf8
[2020-03-04T16:36:56+08:00][sql] SHOW FULL COLUMNS FROM `tp_admin_menu` [ RunTime:0.014000s ]
[2020-03-04T16:36:56+08:00][sql] SHOW FULL COLUMNS FROM `tp_admin_role` [ RunTime:0.013999s ]
[2020-03-04T16:36:56+08:00][sql] SELECT * FROM `tp_admin_role` ORDER BY `id` ASC [ RunTime:0.001000s ]
[2020-03-04T16:36:57+08:00][sql] CONNECT:[ UseTime:0.010995s ] mysql:host=127.0.0.1;port=3306;dbname=tpif;charset=utf8
[2020-03-04T16:36:57+08:00][sql] SHOW FULL COLUMNS FROM `tp_admin_menu` [ RunTime:0.017998s ]
[2020-03-04T16:36:57+08:00][sql] SHOW FULL COLUMNS FROM `tp_admin_role` [ RunTime:0.014006s ]
[2020-03-04T16:36:57+08:00][sql] SELECT * FROM `tp_admin_role` ORDER BY `id` ASC [ RunTime:0.001000s ]
[2020-03-04T16:36:59+08:00][sql] CONNECT:[ UseTime:0.001999s ] mysql:host=127.0.0.1;port=3306;dbname=tpif;charset=utf8
[2020-03-04T16:36:59+08:00][sql] SHOW FULL COLUMNS FROM `tp_admin_menu` [ RunTime:0.014998s ]
[2020-03-04T16:36:59+08:00][sql] SHOW FULL COLUMNS FROM `tp_admin_role` [ RunTime:0.014998s ]
[2020-03-04T16:36:59+08:00][sql] SELECT * FROM `tp_admin_role` ORDER BY `id` ASC [ RunTime:0.000994s ]
